<?xml version="1.0" encoding="UTF-8"?>
<!-- Generated by org.testng.reporters.JUnitXMLReporter -->
<testsuite hostname="MS026" name="Default test" tests="4" failures="0" timestamp="15 Oct 2017 23:05:15 GMT" time="21.668" errors="0">
  <testcase name="search" time="0.278" classname="shopping.Shopautomation"/>
  <testcase name="submit1" time="1.884" classname="shopping.Shopautomation"/>
  <testcase name="tshirt" time="1.919" classname="shopping.Shopautomation"/>
  <testcase name="wishlist" time="0.329" classname="shopping.Shopautomation"/>
</testsuite> <!-- Default test -->
