<?xml version="1.0" encoding="UTF-8"?>
<!-- Generated by org.testng.reporters.JUnitXMLReporter -->
<testsuite hostname="MS026" name="Default test" tests="4" failures="0" timestamp="15 Oct 2017 22:03:12 GMT" time="29.046" errors="0">
  <testcase name="search" time="0.313" classname="shopping.Shopautomation"/>
  <testcase name="submit1" time="3.29" classname="shopping.Shopautomation"/>
  <testcase name="tshirt" time="1.872" classname="shopping.Shopautomation"/>
  <testcase name="wishlist" time="0.342" classname="shopping.Shopautomation"/>
</testsuite> <!-- Default test -->
